<?xml version="1.0" encoding="UTF-8"?>
<!-- Generated by org.testng.reporters.JUnitReportReporter -->
<testsuite hostname="GPADAM-NB" failures="0" tests="3" name="DynamicJson" time="1.926" errors="0" timestamp="2023-06-27T15:35:55 IST" skipped="0">
  <testcase classname="DynamicJson" name="addBook" time="1.645"/>
  <testcase classname="DynamicJson" name="addBook" time="0.147"/>
  <testcase classname="DynamicJson" name="addBook" time="0.134"/>
</testsuite> <!-- DynamicJson -->
