<?xml version="1.0" encoding="UTF-8"?>
<!-- Generated by org.testng.reporters.JUnitReportReporter -->
<testsuite hostname="GPADAM-NB" failures="0" tests="1" name="SumValidation" time="2.994" errors="0" timestamp="2023-06-30T09:58:10 IST" skipped="0">
  <testcase classname="SumValidation" name="sumOfCourses" time="2.994"/>
</testsuite> <!-- SumValidation -->
